{"level":"error","ts":1744016893.098736,"msg":"Failed to load db object"}
{"level":"error","ts":1744016941.732,"msg":"Failed to load db object"}
{"level":"error","ts":1744016947.691854,"msg":"Failed to load db object"}
{"level":"error","ts":1744017078.630045,"msg":"Failed to load db object"}
{"level":"error","ts":1744017121.464698,"msg":"Failed to load db object"}
{"level":"error","ts":1744017140.36556,"msg":"Failed to load db object"}
{"level":"error","ts":1744017620.072938,"msg":"Failed to load db object"}
{"level":"error","ts":1744018366.7930849,"msg":"Failed to load db object"}
{"level":"error","ts":1744018391.3388531,"msg":"Failed to seed"}
{"level":"error","ts":1744018438.296155,"msg":"Failed to load ads from json file : open ads.json: no such file or directory"}
{"level":"error","ts":1744018493.568209,"msg":"failed to commit transaction: %!w(*gorm.DB=&{0x1400026d200 <nil> 0 0x14000275340 1})"}
{"level":"error","ts":1744018632.7502909,"msg":"Failed to connect to redis ->  dial tcp: lookup redis: no such host"}
{"level":"fatal","ts":1744018710.856672,"msg":"Error trying to listenning on port 8888: failed to listen: listen tcp4: address http://localhost:8888: too many colons in address"}
{"level":"error","ts":1744225993.1077702,"msg":"Failed to load db object"}
{"level":"error","ts":1744226334.55686,"msg":"Failed to initialize Kafka: failed to create producer: kafka: client has run out of available brokers to talk to: dial tcp: lookup kafka: no such host"}
{"level":"error","ts":1744226411.255431,"msg":"Failed to initialize Kafka: failed to create producer: kafka: client has run out of available brokers to talk to: dial tcp: lookup kafka: no such host"}
{"level":"error","ts":1744226835.84071,"msg":"Failed to initialize Kafka: failed to create producer: kafka: client has run out of available brokers to talk to: dial tcp: lookup kafka: no such host"}
{"level":"error","ts":1744227174.8471181,"msg":"Failed to initialize Kafka: failed to create producer: kafka: client has run out of available brokers to talk to: dial tcp: lookup kafka: no such host"}
{"level":"error","ts":1744227491.747645,"msg":"Failed to start Kafka consumer: failed to create partition consumer: dial tcp: lookup kafka: no such host"}
{"level":"info","ts":1744228261.38099,"msg":"Shutting down server..."}
{"level":"error","ts":1744228296.694433,"msg":"Failed to start Kafka consumer: failed to create partition consumer: dial tcp: lookup kafka: no such host"}
{"level":"info","ts":1744228472.2205172,"msg":"Shutting down server..."}
{"level":"error","ts":1744228484.999244,"msg":"Failed to start Kafka consumer: failed to create partition consumer: dial tcp: lookup kafka: no such host"}
{"level":"info","ts":1744228653.821654,"msg":"Shutting down server..."}
{"level":"error","ts":1744228659.158933,"msg":"Failed to start Kafka consumer: failed to create partition consumer: dial tcp: lookup kafka: no such host"}
{"level":"info","ts":1744229517.499964,"msg":"Shutting down server..."}
{"level":"error","ts":1744229521.579783,"msg":"Failed to start Kafka consumer: failed to create partition consumer: dial tcp: lookup kafka: no such host"}
{"level":"info","ts":1744229560.440376,"msg":"Shutting down server..."}
{"level":"error","ts":1744231337.141276,"msg":"Failed to load db object"}
{"level":"error","ts":1744231455.437023,"msg":"Failed to start Kafka consumer: failed to create partition consumer: dial tcp: lookup kafka: no such host"}
{"level":"info","ts":1744231603.1359959,"msg":"Shutting down server..."}
{"level":"error","ts":1744231609.3241658,"msg":"Failed to start Kafka consumer: failed to create partition consumer: dial tcp: lookup kafka: no such host"}
{"level":"info","ts":1744231658.459039,"msg":"Shutting down server..."}
{"level":"error","ts":1744231702.537379,"msg":"Failed to start Kafka consumer: failed to create partition consumer: dial tcp: lookup kafka: no such host"}
{"level":"info","ts":1744231741.543445,"msg":"Shutting down server..."}
{"level":"error","ts":1744231744.10301,"msg":"Failed to start Kafka consumer: failed to create partition consumer: dial tcp: lookup kafka: no such host"}
{"level":"info","ts":1744231745.052203,"msg":"Shutting down server..."}
{"level":"error","ts":1744231751.072955,"msg":"Failed to start Kafka consumer: failed to create partition consumer: dial tcp: lookup kafka: no such host"}
{"level":"info","ts":1744231758.8049111,"msg":"Shutting down server..."}
{"level":"error","ts":1744231818.596886,"msg":"Failed to initialize Kafka: failed to create producer after 5 attempts: kafka: client has run out of available brokers to talk to: dial tcp 127.0.0.1:9092: connect: connection refused"}
{"level":"error","ts":1744231880.991864,"msg":"Failed to start Kafka consumer: failed to create partition consumer: dial tcp: lookup kafka: no such host"}
{"level":"info","ts":1744231924.028252,"msg":"Shutting down server..."}
{"level":"error","ts":1744231957.034981,"msg":"Failed to initialize Kafka: failed to create producer after 5 attempts: kafka: client has run out of available brokers to talk to: dial tcp 127.0.0.1:9092: connect: connection refused"}
{"level":"error","ts":1744232340.2661839,"msg":"Failed to start Kafka consumer: failed to create partition consumer: dial tcp: lookup kafka: no such host"}
